Copyright 1986-2018 Xilinx, Inc. All Rights Reserved.
------------------------------------------------------------------------------------
| Tool Version : Vivado v.2018.1 (win64) Build 2188600 Wed Apr  4 18:40:38 MDT 2018
| Date         : Tue May  8 14:07:42 2018
| Host         : DESKTOP-C9KVAUO running 64-bit major release  (build 9200)
| Command      : upgrade_ip
| Device       : xc7a100tcsg324-1
------------------------------------------------------------------------------------

Upgrade Log for IP 'design_1_top_0_0'

1. Summary
----------

CAUTION (success, with warnings) in the upgrade of design_1_top_0_0 (xilinx.com:user:top:1.0) from (Rev. 4) to (Rev. 5)

After upgrade, an IP may have parameter and port differences compared to the original customization. Please review the parameters within the IP customization GUI to ensure proper functionality. Also, please review the updated IP instantiation template to ensure proper connectivity, and update your design if required.

2. Connection Warnings
----------------------

Detected external port differences while upgrading 'design_1_top_0_0'. These changes may impact your design.


-Upgrade has added port 'tdata3'

-Upgrade has added port 'tdata4'

-Upgrade has added port 'tlast3'

-Upgrade has added port 'tlast4'

-Upgrade has added port 'tready_filter_sobel'

-Upgrade has added port 'tready_filter_sobel_out'

-Upgrade has added port 'tready_filter_threshold'

-Upgrade has added port 'tready_filter_threshold_out'

-Upgrade has added port 'tuser3'

-Upgrade has added port 'tuser4'

-Upgrade has added port 'tvalid3'

-Upgrade has added port 'tvalid4'


